
> temp_init@0.1.0 build
> next build

  ▲ Next.js 14.2.35
  - Environments: .env.local

   Creating an optimized production build ...
<w> [webpack.cache.PackFileCacheStrategy] Serializing big strings (140kiB) impacts deserialization performance (consider using Buffer instead and decode when needed)

warn - The class `duration-[5000ms]` is ambiguous and matches multiple utilities.
warn - If this is content and not a class, replace it with `duration-&lsqb;5000ms&rsqb;` to silence this warning.
 ✓ Compiled successfully
   Linting and checking validity of types ...

./src/app/admin/activity/page.tsx
4:29  Warning: 'CardHeader' is defined but never used.  @typescript-eslint/no-unused-vars
4:41  Warning: 'CardTitle' is defined but never used.  @typescript-eslint/no-unused-vars
18:3  Warning: 'Activity' is defined but never used.  @typescript-eslint/no-unused-vars
63:6  Warning: React Hook useEffect has a missing dependency: 'loadLogs'. Either include it or remove the dependency array.  react-hooks/exhaustive-deps
135:19  Warning: 'count' is assigned a value but never used.  @typescript-eslint/no-unused-vars

./src/app/admin/meetings/page.tsx
4:29  Warning: 'CardHeader' is defined but never used.  @typescript-eslint/no-unused-vars
4:41  Warning: 'CardTitle' is defined but never used.  @typescript-eslint/no-unused-vars

./src/app/admin/professors/page.tsx
7:10  Warning: 'Button' is defined but never used.  @typescript-eslint/no-unused-vars
21:11  Warning: 'LinkIcon' is defined but never used.  @typescript-eslint/no-unused-vars

./src/app/api/admin/meetings/route.ts
17:27  Warning: 'request' is defined but never used. Allowed unused args must match /^_/u.  @typescript-eslint/no-unused-vars

./src/app/api/admin/overview/route.ts
17:27  Warning: 'request' is defined but never used. Allowed unused args must match /^_/u.  @typescript-eslint/no-unused-vars

./src/app/api/admin/professors/route.ts
17:27  Warning: 'request' is defined but never used. Allowed unused args must match /^_/u.  @typescript-eslint/no-unused-vars

./src/app/api/meetings/[id]/transcript/route.ts
3:56  Warning: 'FathomMeeting' is defined but never used.  @typescript-eslint/no-unused-vars
25:13  Warning: 'e' is defined but never used.  @typescript-eslint/no-unused-vars

./src/app/dashboard/activity/page.tsx
5:29  Warning: 'CardHeader' is defined but never used.  @typescript-eslint/no-unused-vars
5:41  Warning: 'CardTitle' is defined but never used.  @typescript-eslint/no-unused-vars
37:6  Warning: React Hook useEffect has a missing dependency: 'loadActivity'. Either include it or remove the dependency array.  react-hooks/exhaustive-deps

./src/app/dashboard/announcements/page.tsx
5:29  Warning: 'CardHeader' is defined but never used.  @typescript-eslint/no-unused-vars
5:41  Warning: 'CardTitle' is defined but never used.  @typescript-eslint/no-unused-vars
31:6  Warning: React Hook useEffect has a missing dependency: 'loadData'. Either include it or remove the dependency array.  react-hooks/exhaustive-deps
315:3  Warning: 'existingEmojis' is defined but never used. Allowed unused args must match /^_/u.  @typescript-eslint/no-unused-vars

./src/app/dashboard/chat/page.tsx
24:6  Warning: React Hook useEffect has a missing dependency: 'loadData'. Either include it or remove the dependency array.  react-hooks/exhaustive-deps
34:6  Warning: React Hook useEffect has a missing dependency: 'loadMessages'. Either include it or remove the dependency array.  react-hooks/exhaustive-deps

./src/app/dashboard/meetings/[id]/page.tsx
16:38  Warning: 'FileText' is defined but never used.  @typescript-eslint/no-unused-vars
16:48  Warning: 'Users' is defined but never used.  @typescript-eslint/no-unused-vars
239:14  Warning: 'e' is defined but never used.  @typescript-eslint/no-unused-vars
329:16  Warning: 'e' is defined but never used.  @typescript-eslint/no-unused-vars

./src/app/dashboard/meetings/new/page.tsx
32:6  Warning: React Hook useEffect has missing dependencies: 'checkGoogleAuth' and 'loadScholars'. Either include them or remove the dependency array.  react-hooks/exhaustive-deps

./src/app/dashboard/meetings/page.tsx
9:26  Warning: 'Clock' is defined but never used.  @typescript-eslint/no-unused-vars
23:6  Warning: React Hook useEffect has a missing dependency: 'loadMeetings'. Either include it or remove the dependency array.  react-hooks/exhaustive-deps

./src/app/dashboard/notifications/page.tsx
7:10  Warning: 'Badge' is defined but never used.  @typescript-eslint/no-unused-vars
18:6  Warning: React Hook useEffect has a missing dependency: 'loadNotifications'. Either include it or remove the dependency array.  react-hooks/exhaustive-deps

./src/app/dashboard/page.tsx
2:26  Warning: 'getProfessorProfile' is defined but never used.  @typescript-eslint/no-unused-vars

./src/app/dashboard/settings/page.tsx
11:10  Warning: 'Switch' is defined but never used.  @typescript-eslint/no-unused-vars
21:10  Warning: 'autoMeetingSync' is assigned a value but never used.  @typescript-eslint/no-unused-vars
21:27  Warning: 'setAutoMeetingSync' is assigned a value but never used.  @typescript-eslint/no-unused-vars
22:10  Warning: 'aiInsights' is assigned a value but never used.  @typescript-eslint/no-unused-vars
22:22  Warning: 'setAiInsights' is assigned a value but never used.  @typescript-eslint/no-unused-vars
23:10  Warning: 'autoTaskGen' is assigned a value but never used.  @typescript-eslint/no-unused-vars
23:23  Warning: 'setAutoTaskGen' is assigned a value but never used.  @typescript-eslint/no-unused-vars
24:10  Warning: 'emailNotifs' is assigned a value but never used.  @typescript-eslint/no-unused-vars
24:23  Warning: 'setEmailNotifs' is assigned a value but never used.  @typescript-eslint/no-unused-vars

./src/components/dashboard/co-supervisor-dashboard.tsx
56:11  Warning: 'profRes' is assigned a value but never used.  @typescript-eslint/no-unused-vars
62:11  Warning: 'scholarUserIds' is assigned a value but never used.  @typescript-eslint/no-unused-vars

./src/components/dashboard/professor-dashboard.tsx
72:11  Warning: 'scholarUserIds' is assigned a value but never used.  @typescript-eslint/no-unused-vars

info  - Need to disable some ESLint rules? Learn more here: https://nextjs.org/docs/basic-features/eslint#disabling-rules
